<?xml version="1.0" encoding="UTF-8" ?>
<testsuite errors="1" failures="0" hostname="fonzerelli.corporate.thoughtworks.com" name="com.example.app.web.page.tests.ExampleFunctionalTests" tests="1" time="1.199" timestamp="2012-08-17T05:04:26">
  <properties>
[...]
</properties>
  <testcase classname="com.example.app.web.page.tests.ExampleFunctionalTests" name="shouldSearchForSomething" time="1.158">
    <error message="com/gargoylesoftware/htmlunit/WebWindowListener" type="java.lang.NoClassDefFoundError">java.lang.NoClassDefFoundError: com/gargoylesoftware/htmlunit/WebWindowListener
	at com.example.app.web.page.Browser.&lt;init&gt;(Browser.java:24)
	at com.example.app.web.page.Application.start(Application.java:63)
	at com.example.app.web.page.Application.instance(Application.java:34)
	at com.example.app.web.page.Application.browser(Application.java:21)
	at com.example.app.web.page.tests.LoginLogoutRule.&lt;init&gt;(LoginLogoutRule.java:13)
	at com.example.app.web.page.tests.ExampleFunctionalTests.&lt;init&gt;(ExampleFunctionalTests.java:9)
	at java.lang.reflect.Constructor.newInstance(Constructor.java:513)
Caused by: java.lang.ClassNotFoundException: com.gargoylesoftware.htmlunit.WebWindowListener
	at java.net.URLClassLoader$1.run(URLClassLoader.java:202)
	at java.security.AccessController.doPrivileged(Native Method)
	at java.net.URLClassLoader.findClass(URLClassLoader.java:190)
	at java.lang.ClassLoader.loadClass(ClassLoader.java:306)
	at sun.misc.Launcher$AppClassLoader.loadClass(Launcher.java:301)
	at java.lang.ClassLoader.loadClass(ClassLoader.java:247)
</error>
  </testcase>
  <system-out><![CDATA[]]></system-out>
  <system-err><![CDATA[SLF4J: Detected both jcl-over-slf4j.jar AND slf4j-jcl.jar on the class path, preempting StackOverflowError. 
SLF4J: See also http://www.slf4j.org/codes.html#jclDelegationLoop for more details.
2012-08-17 10:34:26.594:INFO::Logging to STDERR via org.mortbay.log.StdErrLog
2012-08-17 10:34:26.628:INFO::jetty-6.1.22
2012-08-17 10:34:27.014:INFO:/app:Initializing Spring root WebApplicationContext
2012-08-17 10:34:27.386:INFO:/app:Initializing Spring FrameworkServlet 'spring'
2012-08-17 10:34:27.702:INFO::Started SocketConnector@0.0.0.0:61515
]]></system-err>
</testsuite>
